<?xml version="1.0" encoding="UTF-8"?>
<!-- Generated by org.testng.reporters.JUnitXMLReporter -->
<testsuite hostname="HP-PC" ignored="0" name="API Test cases " tests="3" failures="1" timestamp="07 Jul 2018 15:38:05 GMT" time="5.971" errors="0">
  <testcase name="createCustomerTest" time="2.755" classname="com.qa.restTest.CreateCustomerPostCall">
    <failure type="java.lang.AssertionError" message="expected [201] but found [200]">
      <![CDATA[java.lang.AssertionError: expected [201] but found [200]
at com.qa.restTest.CreateCustomerPostCall.createCustomerTest(CreateCustomerPostCall.java:49)
... Removed 31 stack frames]]>
    </failure>
  </testcase> <!-- createCustomerTest -->
  <testcase name="getWeatherDetailsWithCorrectCity" time="1.897" classname="com.qa.restTest.GetTest"/>
  <testcase name="getWeatherDetailsWithInCorrectCity" time="1.269" classname="com.qa.restTest.GetTest"/>
</testsuite> <!-- API Test cases  -->
