<?xml version="1.0" encoding="UTF-8"?>
<!-- Generated by org.testng.reporters.JUnitXMLReporter -->
<testsuite hostname="HP-PC" ignored="0" name="Command line test" tests="4" failures="0" timestamp="21 Aug 2018 03:50:07 GMT" time="14.076" errors="0">
  <testcase name="getWeatherDetailsWithCorrectCity" time="9.34" classname="com.qa.restTest.GetTest"/>
  <testcase name="getWeatherDetailsWithInCorrectCity" time="2.099" classname="com.qa.restTest.GetTest"/>
  <testcase name="getWeatherDetailsWithCorrectCityNameTest" time="2.513" classname="com.qa.restTest.WeatherGETTest"/>
  <testcase name="getWeatherDetailsWithInCorrectCityNameTest" time="0.0" classname="com.qa.restTest.WeatherGETTest"/>
</testsuite> <!-- Command line test -->
