<?xml version="1.0" encoding="UTF-8"?>
<testng-results skipped="0" failed="0" ignored="0" total="1" passed="1">
  <reporter-output>
  </reporter-output>
  <suite name="Default suite" duration-ms="3693" started-at="2018-08-23T05:04:07Z" finished-at="2018-08-23T05:04:10Z">
    <groups>
    </groups>
    <test name="Default test" duration-ms="3693" started-at="2018-08-23T05:04:07Z" finished-at="2018-08-23T05:04:10Z">
      <class name="com.qa.restTest.PostCallWithDeserializationConcept">
        <test-method status="PASS" signature="createCustomerTest()[pri:0, instance:com.qa.restTest.PostCallWithDeserializationConcept@55f3ddb1]" name="createCustomerTest" duration-ms="3641" started-at="2018-08-23T05:04:07Z" finished-at="2018-08-23T05:04:10Z">
          <reporter-output>
          </reporter-output>
        </test-method> <!-- createCustomerTest -->
      </class> <!-- com.qa.restTest.PostCallWithDeserializationConcept -->
    </test> <!-- Default test -->
  </suite> <!-- Default suite -->
</testng-results>
